Der Buildvorgang wurde am 27.09.2013 20:05:04 gestartet.
     1>Projekt "D:\tt (1)\dev\Srcs\Client\UserInterface\UserInterface_VC90.vcxproj" auf Knoten "7", build Ziel(e).
     1>InitializeBuildStatus:
         ".\Debug\UserInterface.unsuccessfulbuild" wird erstellt, da "AlwaysCreate" angegeben wurde.
       ClCompile:
         C:\Program Files (x86)\Microsoft Visual Studio 10.0\VC\bin\CL.exe /c /I../../extern/include /I../EterPack /Zi /nologo /W3 /WX- /Od /Oy- /D WIN32 /D _DEBUG /D _WINDOWS /D USE_LOD /D _VC80_UPGRADE=0x0710 /D _MBCS /Gm- /EHsc /RTC1 /MTd /GS /fp:precise /Zc:wchar_t /Zc:forScope /Yc"stdafx.h" /Fp".\Debug/UserInterface.pch" /Fo".\Debug/" /Fd".\Debug/vc100.pdb" /FR".\Debug\\" /Gd /TP /analyze- /errorReport:prompt StdAfx.cpp
         StdAfx.cpp
         C:\Program Files (x86)\Microsoft Visual Studio 10.0\VC\bin\CL.exe /c /I../../extern/include /I../EterPack /Zi /nologo /W3 /WX- /Od /Oy- /D WIN32 /D _DEBUG /D _WINDOWS /D USE_LOD /D _VC80_UPGRADE=0x0710 /D _MBCS /Gm- /EHsc /RTC1 /MTd /GS /fp:precise /Zc:wchar_t /Zc:forScope /Yu"stdafx.h" /Fp".\Debug/UserInterface.pch" /Fo".\Debug/" /Fd".\Debug/vc100.pdb" /FR".\Debug\\" /Gd /TP /analyze- /errorReport:prompt AffectFlagContainer.cpp InstanceBase.cpp InstanceBaseBattle.cpp InstanceBaseEffect.cpp InstanceBaseEvent.cpp InstanceBaseMotion.cpp InstanceBaseMovement.cpp InstanceBaseTransform.cpp CameraProcedure.cpp PythonBackground.cpp PythonBackgroundModule.cpp PythonCharacterManager.cpp PythonCharacterManagerModule.cpp PythonCharacterModule.cpp PythonEffectModule.cpp PythonEventManager.cpp PythonEventManagerMoudle.cpp PythonGameEventManagerModule.cpp PythonItem.cpp PythonItemModule.cpp PythonNonPlayer.cpp PythonNonPlayerModule.cpp PythonPlayer.cpp PythonPlayerEventHandler.cpp PythonPlayerInput.cpp PythonPlayerInputKeyboard.cpp PythonPlayerInputMouse.cpp PythonPlayerModule.cpp PythonPlayerSkill.cpp PythonQuest.cpp PythonSkill.cpp PythonChat.cpp PythonChatModule.cpp PythonExchange.cpp PythonExchangeModule.cpp PythonFlyModule.cpp PythonGuild.cpp PythonMessenger.cpp PythonMiniMap.cpp PythonMiniMapModule.cpp PythonSafeBox.cpp PythonShop.cpp PythonTextTail.cpp PythonTextTailModule.cpp PythonPackModule.cpp ProcessScanner.cpp PythonApplication.cpp PythonApplicationCamera.cpp PythonApplicationCursor.cpp PythonApplicationEvent.cpp PythonApplicationLogo.cpp PythonApplicationModule.cpp PythonApplicationProcedure.cpp PythonApplicationWebPage.cpp PythonIME.cpp PythonIMEModule.cpp PythonProfilerModule.cpp PythonSoundManagerModule.cpp PythonSystem.cpp PythonSystemModule.cpp GuildMarkDownloader.cpp GuildMarkUploader.cpp MarkImage.cpp MarkManager.cpp Locale.cpp AccountConnector.cpp InsultChecker.cpp NetworkActorManager.cpp ProcessCRC.cpp PythonExceptionSender.cpp PythonNetworkDatagram.cpp PythonNetworkDatagramModule.cpp PythonNetworkStream.cpp PythonNetworkStreamCommand.cpp PythonNetworkStreamEvent.cpp PythonNetworkStreamModule.cpp PythonNetworkStreamPhaseGame.cpp PythonNetworkStreamPhaseGameActor.cpp PythonNetworkStreamPhaseGameItem.cpp PythonNetworkStreamPhaseHandShake.cpp PythonNetworkStreamPhaseLoading.cpp PythonNetworkStreamPhaseLogin.cpp PythonNetworkStreamPhaseOffline.cpp PythonNetworkStreamPhaseSelect.cpp ServerStateChecker.cpp ServerStateCheckerModule.cpp CheckLatestFiles.cpp Hackshield.cpp NProtectGameGuard.cpp WiseLogicXTrap.cpp GameType.cpp MovieMan.cpp UserInterface.cpp
         AffectFlagContainer.cpp
     1>AffectFlagContainer.cpp(68): error C2440: 'Initialisierung': 'CAffectFlagContainer::Element' kann nicht in 'char &' konvertiert werden
         InstanceBase.cpp
     1>d:\tt (1)\dev\srcs\client\userinterface\Packet.h(2792): warning C4305: 'Initialisierung': Verkürzung von '' in 'char'
     1>d:\tt (1)\dev\srcs\client\userinterface\Packet.h(2792): warning C4309: 'Initialisierung': Verkürzung eines konstanten Wertes
     1>d:\tt (1)\dev\srcs\client\userinterface\Packet.h(2801): warning C4305: 'Initialisierung': Verkürzung von '' in 'char'
     1>d:\tt (1)\dev\srcs\client\userinterface\Packet.h(2801): warning C4309: 'Initialisierung': Verkürzung eines konstanten Wertes
     1>InstanceBase.cpp(2854): warning C4309: 'Initialisierung': Verkürzung eines konstanten Wertes
     1>InstanceBase.cpp(2855): warning C4309: 'Initialisierung': Verkürzung eines konstanten Wertes
         InstanceBaseBattle.cpp
         InstanceBaseEffect.cpp
     1>d:\tt (1)\dev\srcs\client\userinterface\Packet.h(2792): warning C4305: 'Initialisierung': Verkürzung von '' in 'char'
     1>d:\tt (1)\dev\srcs\client\userinterface\Packet.h(2792): warning C4309: 'Initialisierung': Verkürzung eines konstanten Wertes
     1>d:\tt (1)\dev\srcs\client\userinterface\Packet.h(2801): warning C4305: 'Initialisierung': Verkürzung von '' in 'char'
     1>d:\tt (1)\dev\srcs\client\userinterface\Packet.h(2801): warning C4309: 'Initialisierung': Verkürzung eines konstanten Wertes
         InstanceBaseEvent.cpp
         InstanceBaseMotion.cpp
         InstanceBaseMovement.cpp
         InstanceBaseTransform.cpp
         CameraProcedure.cpp
         PythonBackground.cpp
     1>d:\tt (1)\dev\srcs\client\userinterface\packet.h(2792): warning C4305: 'Initialisierung': Verkürzung von '' in 'char'
     1>d:\tt (1)\dev\srcs\client\userinterface\packet.h(2792): warning C4309: 'Initialisierung': Verkürzung eines konstanten Wertes
     1>d:\tt (1)\dev\srcs\client\userinterface\packet.h(2801): warning C4305: 'Initialisierung': Verkürzung von '' in 'char'
     1>d:\tt (1)\dev\srcs\client\userinterface\packet.h(2801): warning C4309: 'Initialisierung': Verkürzung eines konstanten Wertes
         PythonBackgroundModule.cpp
         PythonCharacterManager.cpp
     1>d:\tt (1)\dev\srcs\client\userinterface\packet.h(2792): warning C4305: 'Initialisierung': Verkürzung von '' in 'char'
     1>d:\tt (1)\dev\srcs\client\userinterface\packet.h(2792): warning C4309: 'Initialisierung': Verkürzung eines konstanten Wertes
     1>d:\tt (1)\dev\srcs\client\userinterface\packet.h(2801): warning C4305: 'Initialisierung': Verkürzung von '' in 'char'
     1>d:\tt (1)\dev\srcs\client\userinterface\packet.h(2801): warning C4309: 'Initialisierung': Verkürzung eines konstanten Wertes
         PythonCharacterManagerModule.cpp
         PythonCharacterModule.cpp
         PythonEffectModule.cpp
         PythonEventManager.cpp
     1>d:\tt (1)\dev\srcs\client\userinterface\packet.h(2792): warning C4305: 'Initialisierung': Verkürzung von '' in 'char'
     1>d:\tt (1)\dev\srcs\client\userinterface\packet.h(2792): warning C4309: 'Initialisierung': Verkürzung eines konstanten Wertes
     1>d:\tt (1)\dev\srcs\client\userinterface\packet.h(2801): warning C4305: 'Initialisierung': Verkürzung von '' in 'char'
     1>d:\tt (1)\dev\srcs\client\userinterface\packet.h(2801): warning C4309: 'Initialisierung': Verkürzung eines konstanten Wertes
         PythonEventManagerMoudle.cpp
     1>d:\tt (1)\dev\srcs\client\userinterface\packet.h(2792): warning C4305: 'Initialisierung': Verkürzung von '' in 'char'
     1>d:\tt (1)\dev\srcs\client\userinterface\packet.h(2792): warning C4309: 'Initialisierung': Verkürzung eines konstanten Wertes
     1>d:\tt (1)\dev\srcs\client\userinterface\packet.h(2801): warning C4305: 'Initialisierung': Verkürzung von '' in 'char'
     1>d:\tt (1)\dev\srcs\client\userinterface\packet.h(2801): warning C4309: 'Initialisierung': Verkürzung eines konstanten Wertes
         PythonGameEventManagerModule.cpp
         PythonItem.cpp
         PythonItemModule.cpp
         Code wird generiert...
         Kompilieren...
         PythonNonPlayer.cpp
         PythonNonPlayerModule.cpp
         PythonPlayer.cpp
     1>d:\tt (1)\dev\srcs\client\userinterface\packet.h(2792): warning C4305: 'Initialisierung': Verkürzung von '' in 'char'
     1>d:\tt (1)\dev\srcs\client\userinterface\packet.h(2792): warning C4309: 'Initialisierung': Verkürzung eines konstanten Wertes
     1>d:\tt (1)\dev\srcs\client\userinterface\packet.h(2801): warning C4305: 'Initialisierung': Verkürzung von '' in 'char'
     1>d:\tt (1)\dev\srcs\client\userinterface\packet.h(2801): warning C4309: 'Initialisierung': Verkürzung eines konstanten Wertes
         PythonPlayerEventHandler.cpp
     1>d:\tt (1)\dev\srcs\client\userinterface\packet.h(2792): warning C4305: 'Initialisierung': Verkürzung von '' in 'char'
     1>d:\tt (1)\dev\srcs\client\userinterface\packet.h(2792): warning C4309: 'Initialisierung': Verkürzung eines konstanten Wertes
     1>d:\tt (1)\dev\srcs\client\userinterface\packet.h(2801): warning C4305: 'Initialisierung': Verkürzung von '' in 'char'
     1>d:\tt (1)\dev\srcs\client\userinterface\packet.h(2801): warning C4309: 'Initialisierung': Verkürzung eines konstanten Wertes
         PythonPlayerInput.cpp
     1>d:\tt (1)\dev\srcs\client\userinterface\Packet.h(2792): warning C4305: 'Initialisierung': Verkürzung von '' in 'char'
     1>d:\tt (1)\dev\srcs\client\userinterface\Packet.h(2792): warning C4309: 'Initialisierung': Verkürzung eines konstanten Wertes
     1>d:\tt (1)\dev\srcs\client\userinterface\Packet.h(2801): warning C4305: 'Initialisierung': Verkürzung von '' in 'char'
     1>d:\tt (1)\dev\srcs\client\userinterface\Packet.h(2801): warning C4309: 'Initialisierung': Verkürzung eines konstanten Wertes
         PythonPlayerInputKeyboard.cpp
     1>d:\tt (1)\dev\srcs\client\userinterface\Packet.h(2792): warning C4305: 'Initialisierung': Verkürzung von '' in 'char'
     1>d:\tt (1)\dev\srcs\client\userinterface\Packet.h(2792): warning C4309: 'Initialisierung': Verkürzung eines konstanten Wertes
     1>d:\tt (1)\dev\srcs\client\userinterface\Packet.h(2801): warning C4305: 'Initialisierung': Verkürzung von '' in 'char'
     1>d:\tt (1)\dev\srcs\client\userinterface\Packet.h(2801): warning C4309: 'Initialisierung': Verkürzung eines konstanten Wertes
         PythonPlayerInputMouse.cpp
     1>d:\tt (1)\dev\srcs\client\userinterface\Packet.h(2792): warning C4305: 'Initialisierung': Verkürzung von '' in 'char'
     1>d:\tt (1)\dev\srcs\client\userinterface\Packet.h(2792): warning C4309: 'Initialisierung': Verkürzung eines konstanten Wertes
     1>d:\tt (1)\dev\srcs\client\userinterface\Packet.h(2801): warning C4305: 'Initialisierung': Verkürzung von '' in 'char'
     1>d:\tt (1)\dev\srcs\client\userinterface\Packet.h(2801): warning C4309: 'Initialisierung': Verkürzung eines konstanten Wertes
         PythonPlayerModule.cpp
     1>d:\tt (1)\dev\srcs\client\userinterface\Packet.h(2792): warning C4305: 'Initialisierung': Verkürzung von '' in 'char'
     1>d:\tt (1)\dev\srcs\client\userinterface\Packet.h(2792): warning C4309: 'Initialisierung': Verkürzung eines konstanten Wertes
     1>d:\tt (1)\dev\srcs\client\userinterface\Packet.h(2801): warning C4305: 'Initialisierung': Verkürzung von '' in 'char'
     1>d:\tt (1)\dev\srcs\client\userinterface\Packet.h(2801): warning C4309: 'Initialisierung': Verkürzung eines konstanten Wertes
     1>PythonPlayerModule.cpp(770): error C2664: 'PyTuple_GetByte': Konvertierung des Parameters 3 von 'char *' in 'unsigned char *' nicht möglich
                 Die Typen, auf die verwiesen wird, sind nicht verknüpft; die Konvertierung erfordert einen reinterpret_cast-Operator oder eine Typumwandlung im C- oder Funktionsformat.
     1>PythonPlayerModule.cpp(774): error C2664: 'PyTuple_GetByte': Konvertierung des Parameters 3 von 'char *' in 'unsigned char *' nicht möglich
                 Die Typen, auf die verwiesen wird, sind nicht verknüpft; die Konvertierung erfordert einen reinterpret_cast-Operator oder eine Typumwandlung im C- oder Funktionsformat.
     1>PythonPlayerModule.cpp(812): error C2664: 'PyTuple_GetByte': Konvertierung des Parameters 3 von 'char *' in 'unsigned char *' nicht möglich
                 Die Typen, auf die verwiesen wird, sind nicht verknüpft; die Konvertierung erfordert einen reinterpret_cast-Operator oder eine Typumwandlung im C- oder Funktionsformat.
     1>PythonPlayerModule.cpp(842): error C2664: 'PyTuple_GetByte': Konvertierung des Parameters 3 von 'char *' in 'unsigned char *' nicht möglich
                 Die Typen, auf die verwiesen wird, sind nicht verknüpft; die Konvertierung erfordert einen reinterpret_cast-Operator oder eine Typumwandlung im C- oder Funktionsformat.
     1>PythonPlayerModule.cpp(873): error C2664: 'PyTuple_GetByte': Konvertierung des Parameters 3 von 'char *' in 'unsigned char *' nicht möglich
                 Die Typen, auf die verwiesen wird, sind nicht verknüpft; die Konvertierung erfordert einen reinterpret_cast-Operator oder eine Typumwandlung im C- oder Funktionsformat.
     1>PythonPlayerModule.cpp(900): error C2665: "PyTuple_GetInteger": Durch keine der 3 Überladungen konnten alle Argumenttypen konvertiert werden.
                 d:\tt (1)\dev\srcs\client\scriptlib\PythonUtils.h(6): kann 'bool PyTuple_GetInteger(PyObject *,int,unsigned char *)' sein
                 d:\tt (1)\dev\srcs\client\scriptlib\PythonUtils.h(7): oder "bool PyTuple_GetInteger(PyObject *,int,int *)"
                 d:\tt (1)\dev\srcs\client\scriptlib\PythonUtils.h(8): oder "bool PyTuple_GetInteger(PyObject *,int,WORD *)"
                 bei Anpassung der Argumentliste '(PyObject *, int, char *)'
     1>PythonPlayerModule.cpp(912): error C2664: 'PyTuple_GetByte': Konvertierung des Parameters 3 von 'char *' in 'unsigned char *' nicht möglich
                 Die Typen, auf die verwiesen wird, sind nicht verknüpft; die Konvertierung erfordert einen reinterpret_cast-Operator oder eine Typumwandlung im C- oder Funktionsformat.
     1>PythonPlayerModule.cpp(919): error C2665: "PyTuple_GetInteger": Durch keine der 3 Überladungen konnten alle Argumenttypen konvertiert werden.
                 d:\tt (1)\dev\srcs\client\scriptlib\PythonUtils.h(6): kann 'bool PyTuple_GetInteger(PyObject *,int,unsigned char *)' sein
                 d:\tt (1)\dev\srcs\client\scriptlib\PythonUtils.h(7): oder "bool PyTuple_GetInteger(PyObject *,int,int *)"
                 d:\tt (1)\dev\srcs\client\scriptlib\PythonUtils.h(8): oder "bool PyTuple_GetInteger(PyObject *,int,WORD *)"
                 bei Anpassung der Argumentliste '(PyObject *, int, char *)'
     1>PythonPlayerModule.cpp(958): error C2664: 'PyTuple_GetByte': Konvertierung des Parameters 3 von 'char *' in 'unsigned char *' nicht möglich
                 Die Typen, auf die verwiesen wird, sind nicht verknüpft; die Konvertierung erfordert einen reinterpret_cast-Operator oder eine Typumwandlung im C- oder Funktionsformat.
     1>PythonPlayerModule.cpp(991): error C2664: 'PyTuple_GetByte': Konvertierung des Parameters 3 von 'char *' in 'unsigned char *' nicht möglich
                 Die Typen, auf die verwiesen wird, sind nicht verknüpft; die Konvertierung erfordert einen reinterpret_cast-Operator oder eine Typumwandlung im C- oder Funktionsformat.
     1>PythonPlayerModule.cpp(1021): error C2664: 'PyTuple_GetByte': Konvertierung des Parameters 3 von 'char *' in 'unsigned char *' nicht möglich
                 Die Typen, auf die verwiesen wird, sind nicht verknüpft; die Konvertierung erfordert einen reinterpret_cast-Operator oder eine Typumwandlung im C- oder Funktionsformat.
     1>PythonPlayerModule.cpp(1083): error C2664: 'PyTuple_GetByte': Konvertierung des Parameters 3 von 'char *' in 'unsigned char *' nicht möglich
                 Die Typen, auf die verwiesen wird, sind nicht verknüpft; die Konvertierung erfordert einen reinterpret_cast-Operator oder eine Typumwandlung im C- oder Funktionsformat.
     1>PythonPlayerModule.cpp(1294): error C2665: "PyTuple_GetInteger": Durch keine der 3 Überladungen konnten alle Argumenttypen konvertiert werden.
                 d:\tt (1)\dev\srcs\client\scriptlib\PythonUtils.h(6): kann 'bool PyTuple_GetInteger(PyObject *,int,unsigned char *)' sein
                 d:\tt (1)\dev\srcs\client\scriptlib\PythonUtils.h(7): oder "bool PyTuple_GetInteger(PyObject *,int,int *)"
                 d:\tt (1)\dev\srcs\client\scriptlib\PythonUtils.h(8): oder "bool PyTuple_GetInteger(PyObject *,int,WORD *)"
                 bei Anpassung der Argumentliste '(PyObject *, int, char *)'
     1>PythonPlayerModule.cpp(1340): error C2665: "PyTuple_GetInteger": Durch keine der 3 Überladungen konnten alle Argumenttypen konvertiert werden.
                 d:\tt (1)\dev\srcs\client\scriptlib\PythonUtils.h(6): kann 'bool PyTuple_GetInteger(PyObject *,int,unsigned char *)' sein
                 d:\tt (1)\dev\srcs\client\scriptlib\PythonUtils.h(7): oder "bool PyTuple_GetInteger(PyObject *,int,int *)"
                 d:\tt (1)\dev\srcs\client\scriptlib\PythonUtils.h(8): oder "bool PyTuple_GetInteger(PyObject *,int,WORD *)"
                 bei Anpassung der Argumentliste '(PyObject *, int, char *)'
     1>PythonPlayerModule.cpp(1393): error C2665: "PyTuple_GetInteger": Durch keine der 3 Überladungen konnten alle Argumenttypen konvertiert werden.
                 d:\tt (1)\dev\srcs\client\scriptlib\PythonUtils.h(6): kann 'bool PyTuple_GetInteger(PyObject *,int,unsigned char *)' sein
                 d:\tt (1)\dev\srcs\client\scriptlib\PythonUtils.h(7): oder "bool PyTuple_GetInteger(PyObject *,int,int *)"
                 d:\tt (1)\dev\srcs\client\scriptlib\PythonUtils.h(8): oder "bool PyTuple_GetInteger(PyObject *,int,WORD *)"
                 bei Anpassung der Argumentliste '(PyObject *, int, char *)'
     1>PythonPlayerModule.cpp(1456): error C2665: "PyTuple_GetInteger": Durch keine der 3 Überladungen konnten alle Argumenttypen konvertiert werden.
                 d:\tt (1)\dev\srcs\client\scriptlib\PythonUtils.h(6): kann 'bool PyTuple_GetInteger(PyObject *,int,unsigned char *)' sein
                 d:\tt (1)\dev\srcs\client\scriptlib\PythonUtils.h(7): oder "bool PyTuple_GetInteger(PyObject *,int,int *)"
                 d:\tt (1)\dev\srcs\client\scriptlib\PythonUtils.h(8): oder "bool PyTuple_GetInteger(PyObject *,int,WORD *)"
                 bei Anpassung der Argumentliste '(PyObject *, int, char *)'
     1>PythonPlayerModule.cpp(1531): error C2665: "PyTuple_GetInteger": Durch keine der 3 Überladungen konnten alle Argumenttypen konvertiert werden.
                 d:\tt (1)\dev\srcs\client\scriptlib\PythonUtils.h(6): kann 'bool PyTuple_GetInteger(PyObject *,int,unsigned char *)' sein
                 d:\tt (1)\dev\srcs\client\scriptlib\PythonUtils.h(7): oder "bool PyTuple_GetInteger(PyObject *,int,int *)"
                 d:\tt (1)\dev\srcs\client\scriptlib\PythonUtils.h(8): oder "bool PyTuple_GetInteger(PyObject *,int,WORD *)"
                 bei Anpassung der Argumentliste '(PyObject *, int, char *)'
     1>PythonPlayerModule.cpp(1616): error C2665: "PyTuple_GetInteger": Durch keine der 3 Überladungen konnten alle Argumenttypen konvertiert werden.
                 d:\tt (1)\dev\srcs\client\scriptlib\PythonUtils.h(6): kann 'bool PyTuple_GetInteger(PyObject *,int,unsigned char *)' sein
                 d:\tt (1)\dev\srcs\client\scriptlib\PythonUtils.h(7): oder "bool PyTuple_GetInteger(PyObject *,int,int *)"
                 d:\tt (1)\dev\srcs\client\scriptlib\PythonUtils.h(8): oder "bool PyTuple_GetInteger(PyObject *,int,WORD *)"
                 bei Anpassung der Argumentliste '(PyObject *, int, char *)'
     1>PythonPlayerModule.cpp(1673): error C2665: "PyTuple_GetInteger": Durch keine der 3 Überladungen konnten alle Argumenttypen konvertiert werden.
                 d:\tt (1)\dev\srcs\client\scriptlib\PythonUtils.h(6): kann 'bool PyTuple_GetInteger(PyObject *,int,unsigned char *)' sein
                 d:\tt (1)\dev\srcs\client\scriptlib\PythonUtils.h(7): oder "bool PyTuple_GetInteger(PyObject *,int,int *)"
                 d:\tt (1)\dev\srcs\client\scriptlib\PythonUtils.h(8): oder "bool PyTuple_GetInteger(PyObject *,int,WORD *)"
                 bei Anpassung der Argumentliste '(PyObject *, int, char *)'
     1>PythonPlayerModule.cpp(1713): error C2665: "PyTuple_GetInteger": Durch keine der 3 Überladungen konnten alle Argumenttypen konvertiert werden.
                 d:\tt (1)\dev\srcs\client\scriptlib\PythonUtils.h(6): kann 'bool PyTuple_GetInteger(PyObject *,int,unsigned char *)' sein
                 d:\tt (1)\dev\srcs\client\scriptlib\PythonUtils.h(7): oder "bool PyTuple_GetInteger(PyObject *,int,int *)"
                 d:\tt (1)\dev\srcs\client\scriptlib\PythonUtils.h(8): oder "bool PyTuple_GetInteger(PyObject *,int,WORD *)"
                 bei Anpassung der Argumentliste '(PyObject *, int, char *)'
     1>PythonPlayerModule.cpp(1976): error C2665: "PyTuple_GetInteger": Durch keine der 3 Überladungen konnten alle Argumenttypen konvertiert werden.
                 d:\tt (1)\dev\srcs\client\scriptlib\PythonUtils.h(6): kann 'bool PyTuple_GetInteger(PyObject *,int,unsigned char *)' sein
                 d:\tt (1)\dev\srcs\client\scriptlib\PythonUtils.h(7): oder "bool PyTuple_GetInteger(PyObject *,int,int *)"
                 d:\tt (1)\dev\srcs\client\scriptlib\PythonUtils.h(8): oder "bool PyTuple_GetInteger(PyObject *,int,WORD *)"
                 bei Anpassung der Argumentliste '(PyObject *, int, char *)'
     1>PythonPlayerModule.cpp(2017): error C2665: "PyTuple_GetInteger": Durch keine der 3 Überladungen konnten alle Argumenttypen konvertiert werden.
                 d:\tt (1)\dev\srcs\client\scriptlib\PythonUtils.h(6): kann 'bool PyTuple_GetInteger(PyObject *,int,unsigned char *)' sein
                 d:\tt (1)\dev\srcs\client\scriptlib\PythonUtils.h(7): oder "bool PyTuple_GetInteger(PyObject *,int,int *)"
                 d:\tt (1)\dev\srcs\client\scriptlib\PythonUtils.h(8): oder "bool PyTuple_GetInteger(PyObject *,int,WORD *)"
                 bei Anpassung der Argumentliste '(PyObject *, int, char *)'
     1>PythonPlayerModule.cpp(2130): error C2664: 'PyTuple_GetByte': Konvertierung des Parameters 3 von 'char *' in 'unsigned char *' nicht möglich
                 Die Typen, auf die verwiesen wird, sind nicht verknüpft; die Konvertierung erfordert einen reinterpret_cast-Operator oder eine Typumwandlung im C- oder Funktionsformat.
     1>PythonPlayerModule.cpp(2152): error C2664: 'PyTuple_GetByte': Konvertierung des Parameters 3 von 'char *' in 'unsigned char *' nicht möglich
                 Die Typen, auf die verwiesen wird, sind nicht verknüpft; die Konvertierung erfordert einen reinterpret_cast-Operator oder eine Typumwandlung im C- oder Funktionsformat.
         PythonPlayerSkill.cpp
     1>d:\tt (1)\dev\srcs\client\userinterface\Packet.h(2792): warning C4305: 'Initialisierung': Verkürzung von '' in 'char'
     1>d:\tt (1)\dev\srcs\client\userinterface\Packet.h(2792): warning C4309: 'Initialisierung': Verkürzung eines konstanten Wertes
     1>d:\tt (1)\dev\srcs\client\userinterface\Packet.h(2801): warning C4305: 'Initialisierung': Verkürzung von '' in 'char'
     1>d:\tt (1)\dev\srcs\client\userinterface\Packet.h(2801): warning C4309: 'Initialisierung': Verkürzung eines konstanten Wertes
         PythonQuest.cpp
         PythonSkill.cpp
     1>d:\tt (1)\dev\srcs\client\userinterface\Packet.h(2792): warning C4305: 'Initialisierung': Verkürzung von '' in 'char'
     1>d:\tt (1)\dev\srcs\client\userinterface\Packet.h(2792): warning C4309: 'Initialisierung': Verkürzung eines konstanten Wertes
     1>d:\tt (1)\dev\srcs\client\userinterface\Packet.h(2801): warning C4305: 'Initialisierung': Verkürzung von '' in 'char'
     1>d:\tt (1)\dev\srcs\client\userinterface\Packet.h(2801): warning C4309: 'Initialisierung': Verkürzung eines konstanten Wertes
     1>C:\Program Files (x86)\Microsoft Visual Studio 10.0\VC\include\utility(246): error C2664: 'std::forward': Konvertierung des Parameters 1 von '' in '&' nicht möglich
                 PythonSkill.cpp(920): Siehe Verweis auf die Instanziierung der gerade kompilierten Funktions-template "std::pair<_Ty1,_Ty2>::pair<const char(&)[19],>(_Other1,_Other2 &&)".
                 with
                 [
                     _Ty1=const std::string,
                     _Ty2=DWORD,
                     _Other1=const char (&)[19],
                     _Other2=
                 ]
     1>C:\Program Files (x86)\Microsoft Visual Studio 10.0\VC\include\utility(246): error C2664: 'std::forward': Konvertierung des Parameters 1 von '' in '&' nicht möglich
                 PythonSkill.cpp(921): Siehe Verweis auf die Instanziierung der gerade kompilierten Funktions-template "std::pair<_Ty1,_Ty2>::pair<const char(&)[18],>(_Other1,_Other2 &&)".
                 with
                 [
                     _Ty1=const std::string,
                     _Ty2=DWORD,
                     _Other1=const char (&)[18],
                     _Other2=
                 ]
     1>C:\Program Files (x86)\Microsoft Visual Studio 10.0\VC\include\utility(246): error C2664: 'std::forward': Konvertierung des Parameters 1 von '' in '&' nicht möglich
                 PythonSkill.cpp(922): Siehe Verweis auf die Instanziierung der gerade kompilierten Funktions-template "std::pair<_Ty1,_Ty2>::pair<const char(&)[22],>(_Other1,_Other2 &&)".
                 with
                 [
                     _Ty1=const std::string,
                     _Ty2=DWORD,
                     _Other1=const char (&)[22],
                     _Other2=
                 ]
     1>C:\Program Files (x86)\Microsoft Visual Studio 10.0\VC\include\utility(246): error C2664: 'std::forward': Konvertierung des Parameters 1 von '' in '&' nicht möglich
                 PythonSkill.cpp(923): Siehe Verweis auf die Instanziierung der gerade kompilierten Funktions-template "std::pair<_Ty1,_Ty2>::pair<const char(&)[10],>(_Other1,_Other2 &&)".
                 with
                 [
                     _Ty1=const std::string,
                     _Ty2=DWORD,
                     _Other1=const char (&)[10],
                     _Other2=
                 ]
     1>C:\Program Files (x86)\Microsoft Visual Studio 10.0\VC\include\utility(246): error C2664: 'std::forward': Konvertierung des Parameters 1 von '' in '&' nicht möglich
                 PythonSkill.cpp(924): Siehe Verweis auf die Instanziierung der gerade kompilierten Funktions-template "std::pair<_Ty1,_Ty2>::pair<const char(&)[12],>(_Other1,_Other2 &&)".
                 with
                 [
                     _Ty1=const std::string,
                     _Ty2=DWORD,
                     _Other1=const char (&)[12],
                     _Other2=
                 ]
     1>C:\Program Files (x86)\Microsoft Visual Studio 10.0\VC\include\utility(246): error C2664: 'std::forward': Konvertierung des Parameters 1 von '' in '&' nicht möglich
                 PythonSkill.cpp(928): Siehe Verweis auf die Instanziierung der gerade kompilierten Funktions-template "std::pair<_Ty1,_Ty2>::pair<const char(&)[13],>(_Other1,_Other2 &&)".
                 with
                 [
                     _Ty1=const std::string,
                     _Ty2=DWORD,
                     _Other1=const char (&)[13],
                     _Other2=
                 ]
     1>C:\Program Files (x86)\Microsoft Visual Studio 10.0\VC\include\utility(246): error C2664: 'std::forward': Konvertierung des Parameters 1 von '' in '&' nicht möglich
                 PythonSkill.cpp(929): Siehe Verweis auf die Instanziierung der gerade kompilierten Funktions-template "std::pair<_Ty1,_Ty2>::pair<const char(&)[14],>(_Other1,_Other2 &&)".
                 with
                 [
                     _Ty1=const std::string,
                     _Ty2=DWORD,
                     _Other1=const char (&)[14],
                     _Other2=
                 ]
     1>C:\Program Files (x86)\Microsoft Visual Studio 10.0\VC\include\utility(246): error C2664: 'std::forward': Konvertierung des Parameters 1 von '' in '&' nicht möglich
                 PythonSkill.cpp(931): Siehe Verweis auf die Instanziierung der gerade kompilierten Funktions-template "std::pair<_Ty1,_Ty2>::pair<const char(&)[21],>(_Other1,_Other2 &&)".
                 with
                 [
                     _Ty1=const std::string,
                     _Ty2=DWORD,
                     _Other1=const char (&)[21],
                     _Other2=
                 ]
     1>C:\Program Files (x86)\Microsoft Visual Studio 10.0\VC\include\utility(246): error C2664: 'std::forward': Konvertierung des Parameters 1 von '' in '&' nicht möglich
                 PythonSkill.cpp(932): Siehe Verweis auf die Instanziierung der gerade kompilierten Funktions-template "std::pair<_Ty1,_Ty2>::pair<const char(&)[15],>(_Other1,_Other2 &&)".
                 with
                 [
                     _Ty1=const std::string,
                     _Ty2=DWORD,
                     _Other1=const char (&)[15],
                     _Other2=
                 ]
     1>C:\Program Files (x86)\Microsoft Visual Studio 10.0\VC\include\utility(246): error C2664: 'std::forward': Konvertierung des Parameters 1 von '' in '&' nicht möglich
                 PythonSkill.cpp(938): Siehe Verweis auf die Instanziierung der gerade kompilierten Funktions-template "std::pair<_Ty1,_Ty2>::pair<const char(&)[20],>(_Other1,_Other2 &&)".
                 with
                 [
                     _Ty1=const std::string,
                     _Ty2=DWORD,
                     _Other1=const char (&)[20],
                     _Other2=
                 ]
     1>C:\Program Files (x86)\Microsoft Visual Studio 10.0\VC\include\utility(246): error C2664: 'std::forward': Konvertierung des Parameters 1 von '' in '&' nicht möglich
                 PythonSkill.cpp(940): Siehe Verweis auf die Instanziierung der gerade kompilierten Funktions-template "std::pair<_Ty1,_Ty2>::pair<const char(&)[16],>(_Other1,_Other2 &&)".
                 with
                 [
                     _Ty1=const std::string,
                     _Ty2=DWORD,
                     _Other1=const char (&)[16],
                     _Other2=
                 ]
     1>C:\Program Files (x86)\Microsoft Visual Studio 10.0\VC\include\utility(246): error C2664: 'std::forward': Konvertierung des Parameters 1 von '' in '&' nicht möglich
                 PythonSkill.cpp(947): Siehe Verweis auf die Instanziierung der gerade kompilierten Funktions-template "std::pair<_Ty1,_Ty2>::pair<const char(&)[4],>(_Other1,_Other2 &&)".
                 with
                 [
                     _Ty1=const std::string,
                     _Ty2=DWORD,
                     _Other1=const char (&)[4],
                     _Other2=
                 ]
     1>C:\Program Files (x86)\Microsoft Visual Studio 10.0\VC\include\utility(246): error C2664: 'std::forward': Konvertierung des Parameters 1 von '' in '&' nicht möglich
                 PythonSkill.cpp(948): Siehe Verweis auf die Instanziierung der gerade kompilierten Funktions-template "std::pair<_Ty1,_Ty2>::pair<const char(&)[11],>(_Other1,_Other2 &&)".
                 with
                 [
                     _Ty1=const std::string,
                     _Ty2=DWORD,
                     _Other1=const char (&)[11],
                     _Other2=
                 ]
         PythonChat.cpp
     1>d:\tt (1)\dev\srcs\client\userinterface\Packet.h(2792): warning C4305: 'Initialisierung': Verkürzung von '' in 'char'
     1>d:\tt (1)\dev\srcs\client\userinterface\Packet.h(2792): warning C4309: 'Initialisierung': Verkürzung eines konstanten Wertes
     1>d:\tt (1)\dev\srcs\client\userinterface\Packet.h(2801): warning C4305: 'Initialisierung': Verkürzung von '' in 'char'
     1>d:\tt (1)\dev\srcs\client\userinterface\Packet.h(2801): warning C4309: 'Initialisierung': Verkürzung eines konstanten Wertes
         PythonChatModule.cpp
     1>d:\tt (1)\dev\srcs\client\userinterface\Packet.h(2792): warning C4305: 'Initialisierung': Verkürzung von '' in 'char'
     1>d:\tt (1)\dev\srcs\client\userinterface\Packet.h(2792): warning C4309: 'Initialisierung': Verkürzung eines konstanten Wertes
     1>d:\tt (1)\dev\srcs\client\userinterface\Packet.h(2801): warning C4305: 'Initialisierung': Verkürzung von '' in 'char'
     1>d:\tt (1)\dev\srcs\client\userinterface\Packet.h(2801): warning C4309: 'Initialisierung': Verkürzung eines konstanten Wertes
         PythonExchange.cpp
     1>d:\tt (1)\dev\srcs\client\userinterface\Packet.h(2792): warning C4305: 'Initialisierung': Verkürzung von '' in 'char'
     1>d:\tt (1)\dev\srcs\client\userinterface\Packet.h(2792): warning C4309: 'Initialisierung': Verkürzung eines konstanten Wertes
     1>d:\tt (1)\dev\srcs\client\userinterface\Packet.h(2801): warning C4305: 'Initialisierung': Verkürzung von '' in 'char'
     1>d:\tt (1)\dev\srcs\client\userinterface\Packet.h(2801): warning C4309: 'Initialisierung': Verkürzung eines konstanten Wertes
         PythonExchangeModule.cpp
     1>d:\tt (1)\dev\srcs\client\userinterface\Packet.h(2792): warning C4305: 'Initialisierung': Verkürzung von '' in 'char'
     1>d:\tt (1)\dev\srcs\client\userinterface\Packet.h(2792): warning C4309: 'Initialisierung': Verkürzung eines konstanten Wertes
     1>d:\tt (1)\dev\srcs\client\userinterface\Packet.h(2801): warning C4305: 'Initialisierung': Verkürzung von '' in 'char'
     1>d:\tt (1)\dev\srcs\client\userinterface\Packet.h(2801): warning C4309: 'Initialisierung': Verkürzung eines konstanten Wertes
         PythonFlyModule.cpp
         PythonGuild.cpp
     1>d:\tt (1)\dev\srcs\client\userinterface\Packet.h(2792): warning C4305: 'Initialisierung': Verkürzung von '' in 'char'
     1>d:\tt (1)\dev\srcs\client\userinterface\Packet.h(2792): warning C4309: 'Initialisierung': Verkürzung eines konstanten Wertes
     1>d:\tt (1)\dev\srcs\client\userinterface\Packet.h(2801): warning C4305: 'Initialisierung': Verkürzung von '' in 'char'
     1>d:\tt (1)\dev\srcs\client\userinterface\Packet.h(2801): warning C4309: 'Initialisierung': Verkürzung eines konstanten Wertes
         PythonMessenger.cpp
         PythonMiniMap.cpp
     1>d:\tt (1)\dev\srcs\client\userinterface\Packet.h(2792): warning C4305: 'Initialisierung': Verkürzung von '' in 'char'
     1>d:\tt (1)\dev\srcs\client\userinterface\Packet.h(2792): warning C4309: 'Initialisierung': Verkürzung eines konstanten Wertes
     1>d:\tt (1)\dev\srcs\client\userinterface\Packet.h(2801): warning C4305: 'Initialisierung': Verkürzung von '' in 'char'
     1>d:\tt (1)\dev\srcs\client\userinterface\Packet.h(2801): warning C4309: 'Initialisierung': Verkürzung eines konstanten Wertes
         PythonMiniMapModule.cpp
         Code wird generiert...
         Kompilieren...
         PythonSafeBox.cpp
         PythonShop.cpp
     1>d:\tt (1)\dev\srcs\client\userinterface\Packet.h(2792): warning C4305: 'Initialisierung': Verkürzung von '' in 'char'
     1>d:\tt (1)\dev\srcs\client\userinterface\Packet.h(2792): warning C4309: 'Initialisierung': Verkürzung eines konstanten Wertes
     1>d:\tt (1)\dev\srcs\client\userinterface\Packet.h(2801): warning C4305: 'Initialisierung': Verkürzung von '' in 'char'
     1>d:\tt (1)\dev\srcs\client\userinterface\Packet.h(2801): warning C4309: 'Initialisierung': Verkürzung eines konstanten Wertes
     1>PythonShop.cpp(31): warning C4309: 'return': Verkürzung eines konstanten Wertes
     1>PythonShop.cpp(330): error C2665: "PyTuple_GetInteger": Durch keine der 3 Überladungen konnten alle Argumenttypen konvertiert werden.
                 d:\tt (1)\dev\srcs\client\scriptlib\PythonUtils.h(6): kann 'bool PyTuple_GetInteger(PyObject *,int,unsigned char *)' sein
                 d:\tt (1)\dev\srcs\client\scriptlib\PythonUtils.h(7): oder "bool PyTuple_GetInteger(PyObject *,int,int *)"
                 d:\tt (1)\dev\srcs\client\scriptlib\PythonUtils.h(8): oder "bool PyTuple_GetInteger(PyObject *,int,WORD *)"
                 bei Anpassung der Argumentliste '(PyObject *, int, char *)'
     1>PythonShop.cpp(348): error C2665: "PyTuple_GetInteger": Durch keine der 3 Überladungen konnten alle Argumenttypen konvertiert werden.
                 d:\tt (1)\dev\srcs\client\scriptlib\PythonUtils.h(6): kann 'bool PyTuple_GetInteger(PyObject *,int,unsigned char *)' sein
                 d:\tt (1)\dev\srcs\client\scriptlib\PythonUtils.h(7): oder "bool PyTuple_GetInteger(PyObject *,int,int *)"
                 d:\tt (1)\dev\srcs\client\scriptlib\PythonUtils.h(8): oder "bool PyTuple_GetInteger(PyObject *,int,WORD *)"
                 bei Anpassung der Argumentliste '(PyObject *, int, char *)'
     1>PythonShop.cpp(360): error C2665: "PyTuple_GetInteger": Durch keine der 3 Überladungen konnten alle Argumenttypen konvertiert werden.
                 d:\tt (1)\dev\srcs\client\scriptlib\PythonUtils.h(6): kann 'bool PyTuple_GetInteger(PyObject *,int,unsigned char *)' sein
                 d:\tt (1)\dev\srcs\client\scriptlib\PythonUtils.h(7): oder "bool PyTuple_GetInteger(PyObject *,int,int *)"
                 d:\tt (1)\dev\srcs\client\scriptlib\PythonUtils.h(8): oder "bool PyTuple_GetInteger(PyObject *,int,WORD *)"
                 bei Anpassung der Argumentliste '(PyObject *, int, char *)'
     1>PythonShop.cpp(387): error C2665: "PyTuple_GetInteger": Durch keine der 3 Überladungen konnten alle Argumenttypen konvertiert werden.
                 d:\tt (1)\dev\srcs\client\scriptlib\PythonUtils.h(6): kann 'bool PyTuple_GetInteger(PyObject *,int,unsigned char *)' sein
                 d:\tt (1)\dev\srcs\client\scriptlib\PythonUtils.h(7): oder "bool PyTuple_GetInteger(PyObject *,int,int *)"
                 d:\tt (1)\dev\srcs\client\scriptlib\PythonUtils.h(8): oder "bool PyTuple_GetInteger(PyObject *,int,WORD *)"
                 bei Anpassung der Argumentliste '(PyObject *, int, char *)'
     1>PythonShop.cpp(396): error C2665: "PyTuple_GetInteger": Durch keine der 3 Überladungen konnten alle Argumenttypen konvertiert werden.
                 d:\tt (1)\dev\srcs\client\scriptlib\PythonUtils.h(6): kann 'bool PyTuple_GetInteger(PyObject *,int,unsigned char *)' sein
                 d:\tt (1)\dev\srcs\client\scriptlib\PythonUtils.h(7): oder "bool PyTuple_GetInteger(PyObject *,int,int *)"
                 d:\tt (1)\dev\srcs\client\scriptlib\PythonUtils.h(8): oder "bool PyTuple_GetInteger(PyObject *,int,WORD *)"
                 bei Anpassung der Argumentliste '(PyObject *, int, char *)'
         PythonTextTail.cpp
     1>d:\tt (1)\dev\srcs\client\userinterface\Packet.h(2792): warning C4305: 'Initialisierung': Verkürzung von '' in 'char'
     1>d:\tt (1)\dev\srcs\client\userinterface\Packet.h(2792): warning C4309: 'Initialisierung': Verkürzung eines konstanten Wertes
     1>d:\tt (1)\dev\srcs\client\userinterface\Packet.h(2801): warning C4305: 'Initialisierung': Verkürzung von '' in 'char'
     1>d:\tt (1)\dev\srcs\client\userinterface\Packet.h(2801): warning C4309: 'Initialisierung': Verkürzung eines konstanten Wertes
         PythonTextTailModule.cpp
         PythonPackModule.cpp
         ProcessScanner.cpp
         PythonApplication.cpp
     1>d:\tt (1)\dev\srcs\client\userinterface\Packet.h(2792): warning C4305: 'Initialisierung': Verkürzung von '' in 'char'
     1>d:\tt (1)\dev\srcs\client\userinterface\Packet.h(2792): warning C4309: 'Initialisierung': Verkürzung eines konstanten Wertes
     1>d:\tt (1)\dev\srcs\client\userinterface\Packet.h(2801): warning C4305: 'Initialisierung': Verkürzung von '' in 'char'
     1>d:\tt (1)\dev\srcs\client\userinterface\Packet.h(2801): warning C4309: 'Initialisierung': Verkürzung eines konstanten Wertes
         PythonApplicationCamera.cpp
     1>d:\tt (1)\dev\srcs\client\userinterface\Packet.h(2792): warning C4305: 'Initialisierung': Verkürzung von '' in 'char'
     1>d:\tt (1)\dev\srcs\client\userinterface\Packet.h(2792): warning C4309: 'Initialisierung': Verkürzung eines konstanten Wertes
     1>d:\tt (1)\dev\srcs\client\userinterface\Packet.h(2801): warning C4305: 'Initialisierung': Verkürzung von '' in 'char'
     1>d:\tt (1)\dev\srcs\client\userinterface\Packet.h(2801): warning C4309: 'Initialisierung': Verkürzung eines konstanten Wertes
         PythonApplicationCursor.cpp
     1>d:\tt (1)\dev\srcs\client\userinterface\Packet.h(2792): warning C4305: 'Initialisierung': Verkürzung von '' in 'char'
     1>d:\tt (1)\dev\srcs\client\userinterface\Packet.h(2792): warning C4309: 'Initialisierung': Verkürzung eines konstanten Wertes
     1>d:\tt (1)\dev\srcs\client\userinterface\Packet.h(2801): warning C4305: 'Initialisierung': Verkürzung von '' in 'char'
     1>d:\tt (1)\dev\srcs\client\userinterface\Packet.h(2801): warning C4309: 'Initialisierung': Verkürzung eines konstanten Wertes
         PythonApplicationEvent.cpp
     1>d:\tt (1)\dev\srcs\client\userinterface\Packet.h(2792): warning C4305: 'Initialisierung': Verkürzung von '' in 'char'
     1>d:\tt (1)\dev\srcs\client\userinterface\Packet.h(2792): warning C4309: 'Initialisierung': Verkürzung eines konstanten Wertes
     1>d:\tt (1)\dev\srcs\client\userinterface\Packet.h(2801): warning C4305: 'Initialisierung': Verkürzung von '' in 'char'
     1>d:\tt (1)\dev\srcs\client\userinterface\Packet.h(2801): warning C4309: 'Initialisierung': Verkürzung eines konstanten Wertes
         PythonApplicationLogo.cpp
     1>d:\tt (1)\dev\srcs\client\userinterface\Packet.h(2792): warning C4305: 'Initialisierung': Verkürzung von '' in 'char'
     1>d:\tt (1)\dev\srcs\client\userinterface\Packet.h(2792): warning C4309: 'Initialisierung': Verkürzung eines konstanten Wertes
     1>d:\tt (1)\dev\srcs\client\userinterface\Packet.h(2801): warning C4305: 'Initialisierung': Verkürzung von '' in 'char'
     1>d:\tt (1)\dev\srcs\client\userinterface\Packet.h(2801): warning C4309: 'Initialisierung': Verkürzung eines konstanten Wertes
     1>PythonApplicationLogo.cpp(122): error C2440: 'Initialisierung': 'byte *' kann nicht in 'char *' konvertiert werden
                 Die Typen, auf die verwiesen wird, sind nicht verknüpft; die Konvertierung erfordert einen reinterpret_cast-Operator oder eine Typumwandlung im C- oder Funktionsformat.
     1>PythonApplicationLogo.cpp(126): warning C4309: '=': Verkürzung eines konstanten Wertes
     1>PythonApplicationLogo.cpp(166): error C2440: 'Initialisierung': 'byte *' kann nicht in 'char *' konvertiert werden
                 Die Typen, auf die verwiesen wird, sind nicht verknüpft; die Konvertierung erfordert einen reinterpret_cast-Operator oder eine Typumwandlung im C- oder Funktionsformat.
     1>PythonApplicationLogo.cpp(170): warning C4309: '=': Verkürzung eines konstanten Wertes
         PythonApplicationModule.cpp
     1>d:\tt (1)\dev\srcs\client\userinterface\Packet.h(2792): warning C4305: 'Initialisierung': Verkürzung von '' in 'char'
     1>d:\tt (1)\dev\srcs\client\userinterface\Packet.h(2792): warning C4309: 'Initialisierung': Verkürzung eines konstanten Wertes
     1>d:\tt (1)\dev\srcs\client\userinterface\Packet.h(2801): warning C4305: 'Initialisierung': Verkürzung von '' in 'char'
     1>d:\tt (1)\dev\srcs\client\userinterface\Packet.h(2801): warning C4309: 'Initialisierung': Verkürzung eines konstanten Wertes
         PythonApplicationProcedure.cpp
     1>d:\tt (1)\dev\srcs\client\userinterface\Packet.h(2792): warning C4305: 'Initialisierung': Verkürzung von '' in 'char'
     1>d:\tt (1)\dev\srcs\client\userinterface\Packet.h(2792): warning C4309: 'Initialisierung': Verkürzung eines konstanten Wertes
     1>d:\tt (1)\dev\srcs\client\userinterface\Packet.h(2801): warning C4305: 'Initialisierung': Verkürzung von '' in 'char'
     1>d:\tt (1)\dev\srcs\client\userinterface\Packet.h(2801): warning C4309: 'Initialisierung': Verkürzung eines konstanten Wertes
         PythonApplicationWebPage.cpp
     1>d:\tt (1)\dev\srcs\client\userinterface\Packet.h(2792): warning C4305: 'Initialisierung': Verkürzung von '' in 'char'
     1>d:\tt (1)\dev\srcs\client\userinterface\Packet.h(2792): warning C4309: 'Initialisierung': Verkürzung eines konstanten Wertes
     1>d:\tt (1)\dev\srcs\client\userinterface\Packet.h(2801): warning C4305: 'Initialisierung': Verkürzung von '' in 'char'
     1>d:\tt (1)\dev\srcs\client\userinterface\Packet.h(2801): warning C4309: 'Initialisierung': Verkürzung eines konstanten Wertes
         PythonIME.cpp
         PythonIMEModule.cpp
     1>d:\tt (1)\dev\srcs\client\userinterface\Packet.h(2792): warning C4305: 'Initialisierung': Verkürzung von '' in 'char'
     1>d:\tt (1)\dev\srcs\client\userinterface\Packet.h(2792): warning C4309: 'Initialisierung': Verkürzung eines konstanten Wertes
     1>d:\tt (1)\dev\srcs\client\userinterface\Packet.h(2801): warning C4305: 'Initialisierung': Verkürzung von '' in 'char'
     1>d:\tt (1)\dev\srcs\client\userinterface\Packet.h(2801): warning C4309: 'Initialisierung': Verkürzung eines konstanten Wertes
         PythonProfilerModule.cpp
         PythonSoundManagerModule.cpp
     1>d:\tt (1)\dev\srcs\client\userinterface\Packet.h(2792): warning C4305: 'Initialisierung': Verkürzung von '' in 'char'
     1>d:\tt (1)\dev\srcs\client\userinterface\Packet.h(2792): warning C4309: 'Initialisierung': Verkürzung eines konstanten Wertes
     1>d:\tt (1)\dev\srcs\client\userinterface\Packet.h(2801): warning C4305: 'Initialisierung': Verkürzung von '' in 'char'
     1>d:\tt (1)\dev\srcs\client\userinterface\Packet.h(2801): warning C4309: 'Initialisierung': Verkürzung eines konstanten Wertes
         PythonSystem.cpp
     1>d:\tt (1)\dev\srcs\client\userinterface\Packet.h(2792): warning C4305: 'Initialisierung': Verkürzung von '' in 'char'
     1>d:\tt (1)\dev\srcs\client\userinterface\Packet.h(2792): warning C4309: 'Initialisierung': Verkürzung eines konstanten Wertes
     1>d:\tt (1)\dev\srcs\client\userinterface\Packet.h(2801): warning C4305: 'Initialisierung': Verkürzung von '' in 'char'
     1>d:\tt (1)\dev\srcs\client\userinterface\Packet.h(2801): warning C4309: 'Initialisierung': Verkürzung eines konstanten Wertes
         PythonSystemModule.cpp
         Code wird generiert...
         Kompilieren...
         GuildMarkDownloader.cpp
     1>d:\tt (1)\dev\srcs\client\userinterface\Packet.h(2792): warning C4305: 'Initialisierung': Verkürzung von '' in 'char'
     1>d:\tt (1)\dev\srcs\client\userinterface\Packet.h(2792): warning C4309: 'Initialisierung': Verkürzung eines konstanten Wertes
     1>d:\tt (1)\dev\srcs\client\userinterface\Packet.h(2801): warning C4305: 'Initialisierung': Verkürzung von '' in 'char'
     1>d:\tt (1)\dev\srcs\client\userinterface\Packet.h(2801): warning C4309: 'Initialisierung': Verkürzung eines konstanten Wertes
     1>GuildMarkDownloader.cpp(240): warning C4305: '=': Verkürzung von '' in 'char'
     1>GuildMarkDownloader.cpp(240): warning C4309: '=': Verkürzung eines konstanten Wertes
     1>GuildMarkDownloader.cpp(442): warning C4305: '=': Verkürzung von '' in 'char'
     1>GuildMarkDownloader.cpp(442): warning C4309: '=': Verkürzung eines konstanten Wertes
         GuildMarkUploader.cpp
     1>d:\tt (1)\dev\srcs\client\userinterface\Packet.h(2792): warning C4305: 'Initialisierung': Verkürzung von '' in 'char'
     1>d:\tt (1)\dev\srcs\client\userinterface\Packet.h(2792): warning C4309: 'Initialisierung': Verkürzung eines konstanten Wertes
     1>d:\tt (1)\dev\srcs\client\userinterface\Packet.h(2801): warning C4305: 'Initialisierung': Verkürzung von '' in 'char'
     1>d:\tt (1)\dev\srcs\client\userinterface\Packet.h(2801): warning C4309: 'Initialisierung': Verkürzung eines konstanten Wertes
     1>GuildMarkUploader.cpp(396): warning C4305: '=': Verkürzung von '' in 'char'
     1>GuildMarkUploader.cpp(396): warning C4309: '=': Verkürzung eines konstanten Wertes
     1>GuildMarkUploader.cpp(432): warning C4305: '=': Verkürzung von '' in 'char'
     1>GuildMarkUploader.cpp(432): warning C4309: '=': Verkürzung eines konstanten Wertes
         MarkImage.cpp
     1>MarkImage.cpp(190): error C2664: 'lzo1x_decompress_safe': Konvertierung des Parameters 1 von 'const char *' in 'const unsigned char *' nicht möglich
                 Die Typen, auf die verwiesen wird, sind nicht verknüpft; die Konvertierung erfordert einen reinterpret_cast-Operator oder eine Typumwandlung im C- oder Funktionsformat.
     1>MarkImage.cpp(305): error C2664: 'lzo1x_999_compress': Konvertierung des Parameters 1 von 'const char *' in 'const unsigned char *' nicht möglich
                 Die Typen, auf die verwiesen wird, sind nicht verknüpft; die Konvertierung erfordert einen reinterpret_cast-Operator oder eine Typumwandlung im C- oder Funktionsformat.
         MarkManager.cpp
     1>MarkManager.cpp(26): warning C4996: 'mkdir': The POSIX name for this item is deprecated. Instead, use the ISO C++ conformant name: _mkdir. See online help for details.
                 C:\Program Files (x86)\Microsoft Visual Studio 10.0\VC\include\direct.h(124): Siehe Deklaration von 'mkdir'
     1>MarkManager.cpp(396): error C2039: 'back_inserter': Ist kein Element von 'std'
     1>MarkManager.cpp(396): error C3861: "back_inserter": Bezeichner wurde nicht gefunden.
         Locale.cpp
     1>d:\tt (1)\dev\srcs\client\userinterface\Packet.h(2792): warning C4305: 'Initialisierung': Verkürzung von '' in 'char'
     1>d:\tt (1)\dev\srcs\client\userinterface\Packet.h(2792): warning C4309: 'Initialisierung': Verkürzung eines konstanten Wertes
     1>d:\tt (1)\dev\srcs\client\userinterface\Packet.h(2801): warning C4305: 'Initialisierung': Verkürzung von '' in 'char'
     1>d:\tt (1)\dev\srcs\client\userinterface\Packet.h(2801): warning C4309: 'Initialisierung': Verkürzung eines konstanten Wertes
         AccountConnector.cpp
     1>d:\tt (1)\dev\srcs\client\userinterface\Packet.h(2792): warning C4305: 'Initialisierung': Verkürzung von '' in 'char'
     1>d:\tt (1)\dev\srcs\client\userinterface\Packet.h(2792): warning C4309: 'Initialisierung': Verkürzung eines konstanten Wertes
     1>d:\tt (1)\dev\srcs\client\userinterface\Packet.h(2801): warning C4305: 'Initialisierung': Verkürzung von '' in 'char'
     1>d:\tt (1)\dev\srcs\client\userinterface\Packet.h(2801): warning C4309: 'Initialisierung': Verkürzung eines konstanten Wertes
     1>AccountConnector.cpp(70): warning C4305: '=': Verkürzung von '' in 'char'
     1>AccountConnector.cpp(70): warning C4309: '=': Verkürzung eines konstanten Wertes
     1>AccountConnector.cpp(84): warning C4305: '=': Verkürzung von '' in 'char'
     1>AccountConnector.cpp(84): warning C4309: '=': Verkürzung eines konstanten Wertes
     1>AccountConnector.cpp(441): warning C4305: '=': Verkürzung von '' in 'char'
     1>AccountConnector.cpp(441): warning C4309: '=': Verkürzung eines konstanten Wertes
     1>AccountConnector.cpp(593): warning C4305: '=': Verkürzung von '' in 'char'
     1>AccountConnector.cpp(593): warning C4309: '=': Verkürzung eines konstanten Wertes
         InsultChecker.cpp
         NetworkActorManager.cpp
     1>NetworkActorManager.cpp(367): warning C4800: 'BOOL': Variable wird auf booleschen Wert ('True' oder 'False') gesetzt (Auswirkungen auf Leistungsverhalten möglich)
     1>NetworkActorManager.cpp(417): warning C4800: 'BOOL': Variable wird auf booleschen Wert ('True' oder 'False') gesetzt (Auswirkungen auf Leistungsverhalten möglich)
         ProcessCRC.cpp
     1>ProcessCRC.cpp(6): warning C4309: 'Initialisierung': Verkürzung eines konstanten Wertes
     1>ProcessCRC.cpp(6): warning C4309: 'Initialisierung': Verkürzung eines konstanten Wertes
         PythonExceptionSender.cpp
         PythonNetworkDatagram.cpp
         PythonNetworkDatagramModule.cpp
         PythonNetworkStream.cpp
     1>d:\tt (1)\dev\srcs\client\userinterface\packet.h(2792): warning C4305: 'Initialisierung': Verkürzung von '' in 'char'
     1>d:\tt (1)\dev\srcs\client\userinterface\packet.h(2792): warning C4309: 'Initialisierung': Verkürzung eines konstanten Wertes
     1>d:\tt (1)\dev\srcs\client\userinterface\packet.h(2801): warning C4305: 'Initialisierung': Verkürzung von '' in 'char'
     1>d:\tt (1)\dev\srcs\client\userinterface\packet.h(2801): warning C4309: 'Initialisierung': Verkürzung eines konstanten Wertes
     1>PythonNetworkStream.cpp(649): warning C4305: '=': Verkürzung von '' in 'char'
     1>PythonNetworkStream.cpp(649): warning C4309: '=': Verkürzung eines konstanten Wertes
         PythonNetworkStreamCommand.cpp
     1>d:\tt (1)\dev\srcs\client\userinterface\packet.h(2792): warning C4305: 'Initialisierung': Verkürzung von '' in 'char'
     1>d:\tt (1)\dev\srcs\client\userinterface\packet.h(2792): warning C4309: 'Initialisierung': Verkürzung eines konstanten Wertes
     1>d:\tt (1)\dev\srcs\client\userinterface\packet.h(2801): warning C4305: 'Initialisierung': Verkürzung von '' in 'char'
     1>d:\tt (1)\dev\srcs\client\userinterface\packet.h(2801): warning C4309: 'Initialisierung': Verkürzung eines konstanten Wertes
         PythonNetworkStreamEvent.cpp
     1>d:\tt (1)\dev\srcs\client\userinterface\packet.h(2792): warning C4305: 'Initialisierung': Verkürzung von '' in 'char'
     1>d:\tt (1)\dev\srcs\client\userinterface\packet.h(2792): warning C4309: 'Initialisierung': Verkürzung eines konstanten Wertes
     1>d:\tt (1)\dev\srcs\client\userinterface\packet.h(2801): warning C4305: 'Initialisierung': Verkürzung von '' in 'char'
     1>d:\tt (1)\dev\srcs\client\userinterface\packet.h(2801): warning C4309: 'Initialisierung': Verkürzung eines konstanten Wertes
         PythonNetworkStreamModule.cpp
     1>d:\tt (1)\dev\srcs\client\userinterface\packet.h(2792): warning C4305: 'Initialisierung': Verkürzung von '' in 'char'
     1>d:\tt (1)\dev\srcs\client\userinterface\packet.h(2792): warning C4309: 'Initialisierung': Verkürzung eines konstanten Wertes
     1>d:\tt (1)\dev\srcs\client\userinterface\packet.h(2801): warning C4305: 'Initialisierung': Verkürzung von '' in 'char'
     1>d:\tt (1)\dev\srcs\client\userinterface\packet.h(2801): warning C4309: 'Initialisierung': Verkürzung eines konstanten Wertes
     1>PythonNetworkStreamModule.cpp(678): error C2664: 'PyTuple_GetByte': Konvertierung des Parameters 3 von 'char *' in 'unsigned char *' nicht möglich
                 Die Typen, auf die verwiesen wird, sind nicht verknüpft; die Konvertierung erfordert einen reinterpret_cast-Operator oder eine Typumwandlung im C- oder Funktionsformat.
     1>PythonNetworkStreamModule.cpp(706): error C2664: 'PyTuple_GetByte': Konvertierung des Parameters 3 von 'char *' in 'unsigned char *' nicht möglich
                 Die Typen, auf die verwiesen wird, sind nicht verknüpft; die Konvertierung erfordert einen reinterpret_cast-Operator oder eine Typumwandlung im C- oder Funktionsformat.
     1>PythonNetworkStreamModule.cpp(712): error C2664: 'PyTuple_GetByte': Konvertierung des Parameters 3 von 'char *' in 'unsigned char *' nicht möglich
                 Die Typen, auf die verwiesen wird, sind nicht verknüpft; die Konvertierung erfordert einen reinterpret_cast-Operator oder eine Typumwandlung im C- oder Funktionsformat.
     1>PythonNetworkStreamModule.cpp(736): error C2664: 'PyTuple_GetByte': Konvertierung des Parameters 3 von 'char *' in 'unsigned char *' nicht möglich
                 Die Typen, auf die verwiesen wird, sind nicht verknüpft; die Konvertierung erfordert einen reinterpret_cast-Operator oder eine Typumwandlung im C- oder Funktionsformat.
     1>PythonNetworkStreamModule.cpp(765): error C2664: 'PyTuple_GetByte': Konvertierung des Parameters 3 von 'char *' in 'unsigned char *' nicht möglich
                 Die Typen, auf die verwiesen wird, sind nicht verknüpft; die Konvertierung erfordert einen reinterpret_cast-Operator oder eine Typumwandlung im C- oder Funktionsformat.
     1>PythonNetworkStreamModule.cpp(821): error C2664: 'PyTuple_GetByte': Konvertierung des Parameters 3 von 'char *' in 'unsigned char *' nicht möglich
                 Die Typen, auf die verwiesen wird, sind nicht verknüpft; die Konvertierung erfordert einen reinterpret_cast-Operator oder eine Typumwandlung im C- oder Funktionsformat.
     1>PythonNetworkStreamModule.cpp(825): error C2664: 'PyTuple_GetByte': Konvertierung des Parameters 3 von 'char *' in 'unsigned char *' nicht möglich
                 Die Typen, auf die verwiesen wird, sind nicht verknüpft; die Konvertierung erfordert einen reinterpret_cast-Operator oder eine Typumwandlung im C- oder Funktionsformat.
     1>PythonNetworkStreamModule.cpp(871): error C2664: 'PyTuple_GetByte': Konvertierung des Parameters 3 von 'char *' in 'unsigned char *' nicht möglich
                 Die Typen, auf die verwiesen wird, sind nicht verknüpft; die Konvertierung erfordert einen reinterpret_cast-Operator oder eine Typumwandlung im C- oder Funktionsformat.
     1>PythonNetworkStreamModule.cpp(953): error C2665: "PyTuple_GetInteger": Durch keine der 3 Überladungen konnten alle Argumenttypen konvertiert werden.
                 d:\tt (1)\dev\srcs\client\scriptlib\PythonUtils.h(6): kann 'bool PyTuple_GetInteger(PyObject *,int,unsigned char *)' sein
                 d:\tt (1)\dev\srcs\client\scriptlib\PythonUtils.h(7): oder "bool PyTuple_GetInteger(PyObject *,int,int *)"
                 d:\tt (1)\dev\srcs\client\scriptlib\PythonUtils.h(8): oder "bool PyTuple_GetInteger(PyObject *,int,WORD *)"
                 bei Anpassung der Argumentliste '(PyObject *, int, char *)'
     1>PythonNetworkStreamModule.cpp(1222): error C2665: "PyTuple_GetInteger": Durch keine der 3 Überladungen konnten alle Argumenttypen konvertiert werden.
                 d:\tt (1)\dev\srcs\client\scriptlib\PythonUtils.h(6): kann 'bool PyTuple_GetInteger(PyObject *,int,unsigned char *)' sein
                 d:\tt (1)\dev\srcs\client\scriptlib\PythonUtils.h(7): oder "bool PyTuple_GetInteger(PyObject *,int,int *)"
                 d:\tt (1)\dev\srcs\client\scriptlib\PythonUtils.h(8): oder "bool PyTuple_GetInteger(PyObject *,int,WORD *)"
                 bei Anpassung der Argumentliste '(PyObject *, int, char *)'
     1>PythonNetworkStreamModule.cpp(1254): error C2665: "PyTuple_GetInteger": Durch keine der 3 Überladungen konnten alle Argumenttypen konvertiert werden.
                 d:\tt (1)\dev\srcs\client\scriptlib\PythonUtils.h(6): kann 'bool PyTuple_GetInteger(PyObject *,int,unsigned char *)' sein
                 d:\tt (1)\dev\srcs\client\scriptlib\PythonUtils.h(7): oder "bool PyTuple_GetInteger(PyObject *,int,int *)"
                 d:\tt (1)\dev\srcs\client\scriptlib\PythonUtils.h(8): oder "bool PyTuple_GetInteger(PyObject *,int,WORD *)"
                 bei Anpassung der Argumentliste '(PyObject *, int, char *)'
     1>PythonNetworkStreamModule.cpp(1303): error C2665: "PyTuple_GetInteger": Durch keine der 3 Überladungen konnten alle Argumenttypen konvertiert werden.
                 d:\tt (1)\dev\srcs\client\scriptlib\PythonUtils.h(6): kann 'bool PyTuple_GetInteger(PyObject *,int,unsigned char *)' sein
                 d:\tt (1)\dev\srcs\client\scriptlib\PythonUtils.h(7): oder "bool PyTuple_GetInteger(PyObject *,int,int *)"
                 d:\tt (1)\dev\srcs\client\scriptlib\PythonUtils.h(8): oder "bool PyTuple_GetInteger(PyObject *,int,WORD *)"
                 bei Anpassung der Argumentliste '(PyObject *, int, char *)'
         PythonNetworkStreamPhaseGame.cpp
     1>d:\tt (1)\dev\srcs\client\userinterface\packet.h(2792): warning C4305: 'Initialisierung': Verkürzung von '' in 'char'
     1>d:\tt (1)\dev\srcs\client\userinterface\packet.h(2792): warning C4309: 'Initialisierung': Verkürzung eines konstanten Wertes
     1>d:\tt (1)\dev\srcs\client\userinterface\packet.h(2801): warning C4305: 'Initialisierung': Verkürzung von '' in 'char'
     1>d:\tt (1)\dev\srcs\client\userinterface\packet.h(2801): warning C4309: 'Initialisierung': Verkürzung eines konstanten Wertes
     1>PythonNetworkStreamPhaseGame.cpp(4154): warning C4305: '=': Verkürzung von '' in 'char'
     1>PythonNetworkStreamPhaseGame.cpp(4154): warning C4309: '=': Verkürzung eines konstanten Wertes
     1>PythonNetworkStreamPhaseGame.cpp(4167): warning C4305: '=': Verkürzung von '' in 'char'
     1>PythonNetworkStreamPhaseGame.cpp(4167): warning C4309: '=': Verkürzung eines konstanten Wertes
     1>PythonNetworkStreamPhaseGame.cpp(4432): warning C4305: '=': Verkürzung von '' in 'char'
     1>PythonNetworkStreamPhaseGame.cpp(4432): warning C4309: '=': Verkürzung eines konstanten Wertes
         PythonNetworkStreamPhaseGameActor.cpp
     1>d:\tt (1)\dev\srcs\client\userinterface\packet.h(2792): warning C4305: 'Initialisierung': Verkürzung von '' in 'char'
     1>d:\tt (1)\dev\srcs\client\userinterface\packet.h(2792): warning C4309: 'Initialisierung': Verkürzung eines konstanten Wertes
     1>d:\tt (1)\dev\srcs\client\userinterface\packet.h(2801): warning C4305: 'Initialisierung': Verkürzung von '' in 'char'
     1>d:\tt (1)\dev\srcs\client\userinterface\packet.h(2801): warning C4309: 'Initialisierung': Verkürzung eines konstanten Wertes
         PythonNetworkStreamPhaseGameItem.cpp
     1>d:\tt (1)\dev\srcs\client\userinterface\packet.h(2792): warning C4305: 'Initialisierung': Verkürzung von '' in 'char'
     1>d:\tt (1)\dev\srcs\client\userinterface\packet.h(2792): warning C4309: 'Initialisierung': Verkürzung eines konstanten Wertes
     1>d:\tt (1)\dev\srcs\client\userinterface\packet.h(2801): warning C4305: 'Initialisierung': Verkürzung von '' in 'char'
     1>d:\tt (1)\dev\srcs\client\userinterface\packet.h(2801): warning C4309: 'Initialisierung': Verkürzung eines konstanten Wertes
         PythonNetworkStreamPhaseHandShake.cpp
     1>d:\tt (1)\dev\srcs\client\userinterface\packet.h(2792): warning C4305: 'Initialisierung': Verkürzung von '' in 'char'
     1>d:\tt (1)\dev\srcs\client\userinterface\packet.h(2792): warning C4309: 'Initialisierung': Verkürzung eines konstanten Wertes
     1>d:\tt (1)\dev\srcs\client\userinterface\packet.h(2801): warning C4305: 'Initialisierung': Verkürzung von '' in 'char'
     1>d:\tt (1)\dev\srcs\client\userinterface\packet.h(2801): warning C4309: 'Initialisierung': Verkürzung eines konstanten Wertes
     1>PythonNetworkStreamPhaseHandShake.cpp(140): warning C4305: '=': Verkürzung von '' in 'char'
     1>PythonNetworkStreamPhaseHandShake.cpp(140): warning C4309: '=': Verkürzung eines konstanten Wertes
     1>PythonNetworkStreamPhaseHandShake.cpp(232): warning C4305: '=': Verkürzung von '' in 'char'
     1>PythonNetworkStreamPhaseHandShake.cpp(232): warning C4309: '=': Verkürzung eines konstanten Wertes
     1>PythonNetworkStreamPhaseHandShake.cpp(320): warning C4305: '=': Verkürzung von '' in 'char'
     1>PythonNetworkStreamPhaseHandShake.cpp(320): warning C4309: '=': Verkürzung eines konstanten Wertes
         Code wird generiert...
         Kompilieren...
         PythonNetworkStreamPhaseLoading.cpp
     1>d:\tt (1)\dev\srcs\client\userinterface\packet.h(2792): warning C4305: 'Initialisierung': Verkürzung von '' in 'char'
     1>d:\tt (1)\dev\srcs\client\userinterface\packet.h(2792): warning C4309: 'Initialisierung': Verkürzung eines konstanten Wertes
     1>d:\tt (1)\dev\srcs\client\userinterface\packet.h(2801): warning C4305: 'Initialisierung': Verkürzung von '' in 'char'
     1>d:\tt (1)\dev\srcs\client\userinterface\packet.h(2801): warning C4309: 'Initialisierung': Verkürzung eines konstanten Wertes
         PythonNetworkStreamPhaseLogin.cpp
     1>d:\tt (1)\dev\srcs\client\userinterface\packet.h(2792): warning C4305: 'Initialisierung': Verkürzung von '' in 'char'
     1>d:\tt (1)\dev\srcs\client\userinterface\packet.h(2792): warning C4309: 'Initialisierung': Verkürzung eines konstanten Wertes
     1>d:\tt (1)\dev\srcs\client\userinterface\packet.h(2801): warning C4305: 'Initialisierung': Verkürzung von '' in 'char'
     1>d:\tt (1)\dev\srcs\client\userinterface\packet.h(2801): warning C4309: 'Initialisierung': Verkürzung eines konstanten Wertes
     1>PythonNetworkStreamPhaseLogin.cpp(321): warning C4305: '=': Verkürzung von '' in 'char'
     1>PythonNetworkStreamPhaseLogin.cpp(321): warning C4309: '=': Verkürzung eines konstanten Wertes
     1>PythonNetworkStreamPhaseLogin.cpp(356): warning C4305: '=': Verkürzung von '' in 'char'
     1>PythonNetworkStreamPhaseLogin.cpp(356): warning C4309: '=': Verkürzung eines konstanten Wertes
         PythonNetworkStreamPhaseOffline.cpp
     1>d:\tt (1)\dev\srcs\client\userinterface\packet.h(2792): warning C4305: 'Initialisierung': Verkürzung von '' in 'char'
     1>d:\tt (1)\dev\srcs\client\userinterface\packet.h(2792): warning C4309: 'Initialisierung': Verkürzung eines konstanten Wertes
     1>d:\tt (1)\dev\srcs\client\userinterface\packet.h(2801): warning C4305: 'Initialisierung': Verkürzung von '' in 'char'
     1>d:\tt (1)\dev\srcs\client\userinterface\packet.h(2801): warning C4309: 'Initialisierung': Verkürzung eines konstanten Wertes
         PythonNetworkStreamPhaseSelect.cpp
     1>d:\tt (1)\dev\srcs\client\userinterface\packet.h(2792): warning C4305: 'Initialisierung': Verkürzung von '' in 'char'
     1>d:\tt (1)\dev\srcs\client\userinterface\packet.h(2792): warning C4309: 'Initialisierung': Verkürzung eines konstanten Wertes
     1>d:\tt (1)\dev\srcs\client\userinterface\packet.h(2801): warning C4305: 'Initialisierung': Verkürzung von '' in 'char'
     1>d:\tt (1)\dev\srcs\client\userinterface\packet.h(2801): warning C4309: 'Initialisierung': Verkürzung eines konstanten Wertes
         ServerStateChecker.cpp
     1>d:\tt (1)\dev\srcs\client\userinterface\Packet.h(2792): warning C4305: 'Initialisierung': Verkürzung von '' in 'char'
     1>d:\tt (1)\dev\srcs\client\userinterface\Packet.h(2792): warning C4309: 'Initialisierung': Verkürzung eines konstanten Wertes
     1>d:\tt (1)\dev\srcs\client\userinterface\Packet.h(2801): warning C4305: 'Initialisierung': Verkürzung von '' in 'char'
     1>d:\tt (1)\dev\srcs\client\userinterface\Packet.h(2801): warning C4309: 'Initialisierung': Verkürzung eines konstanten Wertes
     1>ServerStateChecker.cpp(60): warning C4305: 'Initialisierung': Verkürzung von '' in 'char'
     1>ServerStateChecker.cpp(60): warning C4309: 'Initialisierung': Verkürzung eines konstanten Wertes
         ServerStateCheckerModule.cpp
         CheckLatestFiles.cpp
         Hackshield.cpp
         NProtectGameGuard.cpp
         WiseLogicXTrap.cpp
         GameType.cpp
         MovieMan.cpp
     1>d:\tt (1)\dev\srcs\client\userinterface\Packet.h(2792): warning C4305: 'Initialisierung': Verkürzung von '' in 'char'
     1>d:\tt (1)\dev\srcs\client\userinterface\Packet.h(2792): warning C4309: 'Initialisierung': Verkürzung eines konstanten Wertes
     1>d:\tt (1)\dev\srcs\client\userinterface\Packet.h(2801): warning C4305: 'Initialisierung': Verkürzung von '' in 'char'
     1>d:\tt (1)\dev\srcs\client\userinterface\Packet.h(2801): warning C4309: 'Initialisierung': Verkürzung eines konstanten Wertes
         UserInterface.cpp
     1>d:\tt (1)\dev\srcs\client\userinterface\Packet.h(2792): warning C4305: 'Initialisierung': Verkürzung von '' in 'char'
     1>d:\tt (1)\dev\srcs\client\userinterface\Packet.h(2792): warning C4309: 'Initialisierung': Verkürzung eines konstanten Wertes
     1>d:\tt (1)\dev\srcs\client\userinterface\Packet.h(2801): warning C4305: 'Initialisierung': Verkürzung von '' in 'char'
     1>d:\tt (1)\dev\srcs\client\userinterface\Packet.h(2801): warning C4309: 'Initialisierung': Verkürzung eines konstanten Wertes
         Code wird generiert...
     1>Die Erstellung des Projekts "D:\tt (1)\dev\Srcs\Client\UserInterface\UserInterface_VC90.vcxproj" ist abgeschlossen, build Ziel(e) -- FEHLER.

Fehler beim Erstellen

Verstrichene Zeit 00:01:36.50
